Flutter crash report; please file at https://github.com/flutter/flutter/issues.

## command

flutter --no-color packages get

## exception

_TypeError: type 'YamlMap' is not a subtype of type 'YamlList'

```
#0      _validateFlutter (package:flutter_tools/src/flutter_manifest.dart:359:28)
#1      _validate (package:flutter_tools/src/flutter_manifest.dart:317:9)
#2      FlutterManifest._createFromYaml (package:flutter_tools/src/flutter_manifest.dart:43:34)
#3      FlutterManifest.createFromString (package:flutter_tools/src/flutter_manifest.dart:38:12)
#4      FlutterManifest.createFromPath (package:flutter_tools/src/flutter_manifest.dart:32:12)
#5      FlutterProject._readManifest (package:flutter_tools/src/project.dart:167:54)
#6      FlutterProject.fromDirectory (package:flutter_tools/src/project.dart:45:38)
#7      FlutterProject.fromPath (package:flutter_tools/src/project.dart:60:50)
#8      PackagesGetCommand.usageValues (package:flutter_tools/src/commands/packages.dart:80:55)
<asynchronous suspension>
#9      FlutterCommand._sendUsage (package:flutter_tools/src/runner/flutter_command.dart:411:58)
<asynchronous suspension>
#10     FlutterCommand.run.<anonymous closure> (package:flutter_tools/src/runner/flutter_command.dart:392:17)
<asynchronous suspension>
#11     AppContext.run.<anonymous closure> (package:flutter_tools/src/base/context.dart:153:29)
<asynchronous suspension>
#12     _rootRun (dart:async/zone.dart:1124:13)
#13     _CustomZone.run (dart:async/zone.dart:1021:19)
#14     _runZoned (dart:async/zone.dart:1516:10)
#15     runZoned (dart:async/zone.dart:1463:12)
#16     AppContext.run (package:flutter_tools/src/base/context.dart:152:18)
<asynchronous suspension>
#17     FlutterCommand.run (package:flutter_tools/src/runner/flutter_command.dart:375:20)
#18     CommandRunner.runCommand (package:args/command_runner.dart:197:27)
<asynchronous suspension>
#19     FlutterCommandRunner.runCommand.<anonymous closure> (package:flutter_tools/src/runner/flutter_command_runner.dart:396:21)
<asynchronous suspension>
#20     AppContext.run.<anonymous closure> (package:flutter_tools/src/base/context.dart:153:29)
<asynchronous suspension>
#21     _rootRun (dart:async/zone.dart:1124:13)
#22     _CustomZone.run (dart:async/zone.dart:1021:19)
#23     _runZoned (dart:async/zone.dart:1516:10)
#24     runZoned (dart:async/zone.dart:1463:12)
#25     AppContext.run (package:flutter_tools/src/base/context.dart:152:18)
<asynchronous suspension>
#26     FlutterCommandRunner.runCommand (package:flutter_tools/src/runner/flutter_command_runner.dart:356:19)
<asynchronous suspension>
#27     CommandRunner.run.<anonymous closure> (package:args/command_runner.dart:112:25)
#28     new Future.sync (dart:async/future.dart:224:31)
#29     CommandRunner.run (package:args/command_runner.dart:112:14)
#30     FlutterCommandRunner.run (package:flutter_tools/src/runner/flutter_command_runner.dart:242:18)
#31     run.<anonymous closure>.<anonymous closure> (package:flutter_tools/runner.dart:62:22)
<asynchronous suspension>
#32     _rootRun (dart:async/zone.dart:1124:13)
#33     _CustomZone.run (dart:async/zone.dart:1021:19)
#34     _runZoned (dart:async/zone.dart:1516:10)
#35     runZoned (dart:async/zone.dart:1500:12)
#36     run.<anonymous closure> (package:flutter_tools/runner.dart:60:18)
<asynchronous suspension>
#37     AppContext.run.<anonymous closure> (package:flutter_tools/src/base/context.dart:153:29)
<asynchronous suspension>
#38     _rootRun (dart:async/zone.dart:1124:13)
#39     _CustomZone.run (dart:async/zone.dart:1021:19)
#40     _runZoned (dart:async/zone.dart:1516:10)
#41     runZoned (dart:async/zone.dart:1463:12)
#42     AppContext.run (package:flutter_tools/src/base/context.dart:152:18)
<asynchronous suspension>
#43     runInContext (package:flutter_tools/src/context_runner.dart:56:24)
<asynchronous suspension>
#44     run (package:flutter_tools/runner.dart:51:10)
#45     main (package:flutter_tools/executable.dart:62:9)
<asynchronous suspension>
#46     main (file:///home/chralt/flutter/packages/flutter_tools/bin/flutter_tools.dart:8:3)
#47     _startIsolate.<anonymous closure> (dart:isolate-patch/isolate_patch.dart:299:32)
#48     _RawReceivePortImpl._handleMessage (dart:isolate-patch/isolate_patch.dart:172:12)
```

## flutter doctor

```
[✓] Flutter (Channel stable, v1.7.8+hotfix.3, on Linux, locale de_DE.UTF-8)
    • Flutter version 1.7.8+hotfix.3 at /home/chralt/flutter
    • Framework revision b712a172f9 (vor 4 Wochen), 2019-07-09 13:14:38 -0700
    • Engine revision 54ad777fd2
    • Dart version 2.4.0

[✓] Android toolchain - develop for Android devices (Android SDK version 28.0.3)
    • Android SDK at /home/chralt/Android/Sdk
    • Android NDK location not configured (optional; useful for native profiling support)
    • Platform android-28, build-tools 28.0.3
    • Java binary at: /snap/android-studio/77/android-studio/jre/bin/java
    • Java version OpenJDK Runtime Environment (build 1.8.0_152-release-1343-b16-5323222)
    • All Android licenses accepted.

[✓] Android Studio (version 3.4)
    • Android Studio at /snap/android-studio/77/android-studio
    • Flutter plugin version 37.0.1
    • Dart plugin version 183.6270
    • Java version OpenJDK Runtime Environment (build 1.8.0_152-release-1343-b16-5323222)

[✓] Connected device (1 available)
    • Android SDK built for x86 • emulator-5554 • android-x86 • Android 9 (API 28) (emulator)

• No issues found!
```
